[    -112ms] [ERROR] Failed to load resource: net::ERR_NAME_NOT_RESOLVED @ https://cs.iqzone.com/b410eef59a43f3503bea0d01cf0ef564.gif?puid=83hB19vHkjjS&redir=https%3A%2F%2Fbh.contextweb.com%2Fbh%2Frtset%3Fdo%3Dadd%26pid%3D563365%26ev%3D%5BUID%5D&gdpr=[GDPR]&gdpr_consent=[GDPR_CONSENT]&ccpa=[CCPA]&coppa=[COPPA]:0
[     -96ms] [ERROR] Failed to load resource: the server responded with a status of 404 (Not Found) @ https://cs.pgammedia.com/4c24359a10e13aae23a00fcb8992a145.gif?puid=24a83ba6-9e33-4995-a027-1f7711b3aa89&gdpr=0&gdpr_consent=&gpp=&gpp_sid=:0
[     -90ms] [ERROR] Failed to load resource: net::ERR_NAME_NOT_RESOLVED @ https://cs.lkqd.net/cs?partnerId=109&partnerUserId=3709f8274a&gdpr=0&gdpr_consent=:0
[   -1566ms] [ERROR] Failed to load resource: net::ERR_NAME_NOT_RESOLVED @ https://cs.iqzone.com/570908b7e92df631fee32098aa272f7b.gif?puid=uNFyG2pNlMSPMuGyQvqd8w%3D%3D&gdpr=&gdpr_consent=&ccpa=&coppa=&redir=https%3A%2F%2Fssc-cms.33across.com%2Fps%2F%3Fxi%3D145%26ts%3D1783469253036.6%26us_privacy%3D%26xu%3D%5BUID%5D%26gpp_sid%3D%26gpp%3D:0
[    -379ms] [ERROR] Failed to load resource: the server responded with a status of 404 () @ https://sync.crwdcntrl.net/qmap?c=368&tp=NEUS&tpid=213740605667000148811:0
[    -335ms] [ERROR] Failed to load resource: net::ERR_NAME_NOT_RESOLVED @ https://usermatch.krxd.net/um/v2?partner=tapad:0
[    -294ms] [ERROR] Failed to load resource: net::ERR_NAME_NOT_RESOLVED @ https://usermatch.krxd.net/um/v2?partner=tapad:0
[      30ms] [ERROR] Failed to load resource: the server responded with a status of 404 () @ https://id5-sync.com/k/1364.gif?TruAudienceID=E1:GUdvEbE039eq6K2oAYRkmHlZlToZJ_aIgK41HJ0guSiuqWMEOQ0Ey3REZme1pp5MdeTJgNDXe1HO_m3UgMFnYSt0XELUafezyBv1xkHDOk4:0
[      31ms] [ERROR] Failed to load resource: the server responded with a status of 400 () @ https://eb2.3lift.com/getuid?redir=https%3A%2F%2Fsyncingbridge.com%2FuserBack%3Fuid%3D%24UID%26gdpr%3D%7BGDPR%7D%26gdpr_consent%3D%7BGDPR_CONSENT%7D%26p%3D2&gdpr=0&gdpr_consent=:0
[   -1773ms] [ERROR] Failed to load resource: net::ERR_HTTP2_SERVER_REFUSED_STREAM @ https://cs.admanmedia.com/73c1e1bfc3bde354d60b80e601ae3914.gif?puid=[UID]&redir=https%3A%2F%2Fonetag-sys.com%2Fmatch%2F%3Fint_id%3D164%26gdpr%3D1%26gdpr_consent%3D%26uid%3D%5BUID%5D&gdpr=1&gdpr_consent=&ccpa=&coppa=:0
[   -1620ms] [ERROR] Failed to load resource: the server responded with a status of 424 (Failed Dependency) @ https://t.adx.opera.com/pub/sync?pubid=pub10101531197440&gdpr=1&gdpr_consent=:0
[   -1561ms] [ERROR] Failed to load resource: net::ERR_HTTP2_SERVER_REFUSED_STREAM @ https://cs.admanmedia.com/73c1e1bfc3bde354d60b80e601ae3914.gif?puid=[UID]&redir=https%3A%2F%2Fonetag-sys.com%2Fmatch%2F%3Fint_id%3D164%26gdpr%3D0%26gdpr_consent%3D%26uid%3D%5BUID%5D&gdpr=0&gdpr_consent=&ccpa=%5BUS_PRIVACY%5D&coppa=:0
[    -810ms] [ERROR] Failed to load resource: the server responded with a status of 424 (Failed Dependency) @ https://t.adx.opera.com/pub/sync?pubid=pub10101531197440&gdpr=1&gdpr_consent=:0
[    -691ms] [ERROR] Failed to load resource: the server responded with a status of 424 (Failed Dependency) @ https://t.adx.opera.com/pub/sync?pubid=pub10101531197440&gdpr=1&gdpr_consent=:0
[    -202ms] [ERROR] Failed to load resource: net::ERR_HTTP2_SERVER_REFUSED_STREAM @ https://cs.admanmedia.com/73c1e1bfc3bde354d60b80e601ae3914.gif?puid=[UID]&redir=https%3A%2F%2Fonetag-sys.com%2Fmatch%2F%3Fint_id%3D164%26gdpr%3D0%26gdpr_consent%3D%26uid%3D%5BUID%5D&gdpr=0&gdpr_consent=&ccpa=1YN-&coppa=:0
[   -1074ms] [ERROR] Failed to load resource: the server responded with a status of 404 () @ https://id5-sync.com/k/155.gif?puid=AABCT07UmyoAAAIgkT5cIg&id5AccountNum=155&numCascadesAllowed=9&gdpr=0:0
[    -934ms] [ERROR] Failed to load resource: the server responded with a status of 404 () @ https://id5-sync.com/k/264.gif?puid=329d613b-bc64-46ea-a9fd-ba8ba82a2817&ttl=%%TTL%%:0
[    -508ms] [ERROR] Failed to load resource: net::ERR_NAME_NOT_RESOLVED @ https://px.owneriq.net/eox:0
[   -1773ms] [ERROR] Failed to load resource: net::ERR_HTTP2_SERVER_REFUSED_STREAM @ https://cs.admanmedia.com/73c1e1bfc3bde354d60b80e601ae3914.gif?puid=[UID]&redir=https%3A%2F%2Fonetag-sys.com%2Fmatch%2F%3Fint_id%3D164%26gdpr%3D1%26gdpr_consent%3D%26uid%3D%5BUID%5D&gdpr=1&gdpr_consent=&ccpa=&coppa=:0
[   -1620ms] [ERROR] Failed to load resource: the server responded with a status of 424 (Failed Dependency) @ https://t.adx.opera.com/pub/sync?pubid=pub10101531197440&gdpr=1&gdpr_consent=:0
[   -1561ms] [ERROR] Failed to load resource: net::ERR_HTTP2_SERVER_REFUSED_STREAM @ https://cs.admanmedia.com/73c1e1bfc3bde354d60b80e601ae3914.gif?puid=[UID]&redir=https%3A%2F%2Fonetag-sys.com%2Fmatch%2F%3Fint_id%3D164%26gdpr%3D0%26gdpr_consent%3D%26uid%3D%5BUID%5D&gdpr=0&gdpr_consent=&ccpa=%5BUS_PRIVACY%5D&coppa=:0
[    -810ms] [ERROR] Failed to load resource: the server responded with a status of 424 (Failed Dependency) @ https://t.adx.opera.com/pub/sync?pubid=pub10101531197440&gdpr=1&gdpr_consent=:0
[    -691ms] [ERROR] Failed to load resource: the server responded with a status of 424 (Failed Dependency) @ https://t.adx.opera.com/pub/sync?pubid=pub10101531197440&gdpr=1&gdpr_consent=:0
[    -202ms] [ERROR] Failed to load resource: net::ERR_HTTP2_SERVER_REFUSED_STREAM @ https://cs.admanmedia.com/73c1e1bfc3bde354d60b80e601ae3914.gif?puid=[UID]&redir=https%3A%2F%2Fonetag-sys.com%2Fmatch%2F%3Fint_id%3D164%26gdpr%3D0%26gdpr_consent%3D%26uid%3D%5BUID%5D&gdpr=0&gdpr_consent=&ccpa=1YN-&coppa=:0
[   -1566ms] [ERROR] Failed to load resource: net::ERR_NAME_NOT_RESOLVED @ https://cs.iqzone.com/570908b7e92df631fee32098aa272f7b.gif?puid=uNFyG2pNlMSPMuGyQvqd8w%3D%3D&gdpr=&gdpr_consent=&ccpa=&coppa=&redir=https%3A%2F%2Fssc-cms.33across.com%2Fps%2F%3Fxi%3D145%26ts%3D1783469253036.6%26us_privacy%3D%26xu%3D%5BUID%5D%26gpp_sid%3D%26gpp%3D:0
[    -379ms] [ERROR] Failed to load resource: the server responded with a status of 404 () @ https://sync.crwdcntrl.net/qmap?c=368&tp=NEUS&tpid=213740605667000148811:0
[    -335ms] [ERROR] Failed to load resource: net::ERR_NAME_NOT_RESOLVED @ https://usermatch.krxd.net/um/v2?partner=tapad:0
[    -294ms] [ERROR] Failed to load resource: net::ERR_NAME_NOT_RESOLVED @ https://usermatch.krxd.net/um/v2?partner=tapad:0
[   -1719ms] [ERROR] Failed to load resource: the server responded with a status of 404 (Not Found) @ https://b1sync.zemanta.com/usersync/ogury/?gdpr=0&gdpr_consent=&cb=https%3A%2F%2Fms-cookie-sync.presage.io%2Fuser-sync%3Foutbrain_id%3D__ZUID__:0
[   -1681ms] [ERROR] Failed to load resource: the server responded with a status of 404 (Not Found) @ https://b1sync.zemanta.com/usersync/ogury/?gdpr=0&gdpr_consent=&cb=https%3A%2F%2Fms-cookie-sync.presage.io%2Fuser-sync%3Foutbrain_id%3D__ZUID__:0
[   -1664ms] [ERROR] Failed to load resource: net::ERR_HTTP2_SERVER_REFUSED_STREAM @ https://cs.admanmedia.com/77bb8e39d66271fda1db01d45766b9d9.gif?gdpr=0&gdpr_consent=%5BGDPR_CONSENT%5D&redir=https%3A%2F%2Fcs.yellowblue.io%2Fcs%3Ffwrd%3D1%26aid%3D11559%26id%3D%5BUID%5D:0
[   -1566ms] [ERROR] Failed to load resource: net::ERR_NAME_NOT_RESOLVED @ https://cs.iqzone.com/570908b7e92df631fee32098aa272f7b.gif?puid=uNFyG2pNlMSPMuGyQvqd8w%3D%3D&gdpr=&gdpr_consent=&ccpa=&coppa=&redir=https%3A%2F%2Fssc-cms.33across.com%2Fps%2F%3Fxi%3D145%26ts%3D1783469253036.6%26us_privacy%3D%26xu%3D%5BUID%5D%26gpp_sid%3D%26gpp%3D:0
[    -379ms] [ERROR] Failed to load resource: the server responded with a status of 404 () @ https://sync.crwdcntrl.net/qmap?c=368&tp=NEUS&tpid=213740605667000148811:0
[    -335ms] [ERROR] Failed to load resource: net::ERR_NAME_NOT_RESOLVED @ https://usermatch.krxd.net/um/v2?partner=tapad:0
[    -294ms] [ERROR] Failed to load resource: net::ERR_NAME_NOT_RESOLVED @ https://usermatch.krxd.net/um/v2?partner=tapad:0
[   -1566ms] [ERROR] Failed to load resource: net::ERR_NAME_NOT_RESOLVED @ https://cs.iqzone.com/570908b7e92df631fee32098aa272f7b.gif?puid=uNFyG2pNlMSPMuGyQvqd8w%3D%3D&gdpr=&gdpr_consent=&ccpa=&coppa=&redir=https%3A%2F%2Fssc-cms.33across.com%2Fps%2F%3Fxi%3D145%26ts%3D1783469253036.6%26us_privacy%3D%26xu%3D%5BUID%5D%26gpp_sid%3D%26gpp%3D:0
[    -379ms] [ERROR] Failed to load resource: the server responded with a status of 404 () @ https://sync.crwdcntrl.net/qmap?c=368&tp=NEUS&tpid=213740605667000148811:0
[    -335ms] [ERROR] Failed to load resource: net::ERR_NAME_NOT_RESOLVED @ https://usermatch.krxd.net/um/v2?partner=tapad:0
[    -294ms] [ERROR] Failed to load resource: net::ERR_NAME_NOT_RESOLVED @ https://usermatch.krxd.net/um/v2?partner=tapad:0
[   -1151ms] [ERROR] Failed to load resource: the server responded with a status of 400 () @ https://eb2.3lift.com/getuid?gdpr=0&gdpr_consent=&redir=https%3A%2F%2Fvisitor.us-east4.gcp.omnitagjs.com%2Fvisitor%2Fsync%3Fgdpr%3D0%26gdpr_consent%3D%26is_cookie_sync_uid%3D1%26name%3DTRIPLELIFT_cookie_sync%26ttl%3D720%26uid%3D771bebe2d6221e9ca65e16ebf8d2f6f3%26visitor%3D%24UID:0
[   -1146ms] [ERROR] Failed to load resource: net::ERR_NAME_NOT_RESOLVED @ https://test.com/?coppa=&gdpr=0&gdpr_consent=&gpp=&gpp_sid=&usp=1---:0
[   -1008ms] [ERROR] Failed to load resource: net::ERR_NAME_NOT_RESOLVED @ https://test.com/?coppa=&gdpr=0&gdpr_consent=&gpp=&gpp_sid=&usp=1---:0
[    -999ms] [ERROR] Failed to load resource: the server responded with a status of 400 () @ https://eb2.3lift.com/getuid?gdpr=0&gdpr_consent=&redir=https%3A%2F%2Fvisitor.us-east4.gcp.omnitagjs.com%2Fvisitor%2Fsync%3Fgdpr%3D0%26gdpr_consent%3D%26is_cookie_sync_uid%3D1%26name%3DTRIPLELIFT_cookie_sync%26ttl%3D720%26uid%3D771bebe2d6221e9ca65e16ebf8d2f6f3%26visitor%3D%24UID:0
[   -1151ms] [ERROR] Failed to load resource: the server responded with a status of 400 () @ https://eb2.3lift.com/getuid?gdpr=0&gdpr_consent=&redir=https%3A%2F%2Fvisitor.us-east4.gcp.omnitagjs.com%2Fvisitor%2Fsync%3Fgdpr%3D0%26gdpr_consent%3D%26is_cookie_sync_uid%3D1%26name%3DTRIPLELIFT_cookie_sync%26ttl%3D720%26uid%3D771bebe2d6221e9ca65e16ebf8d2f6f3%26visitor%3D%24UID:0
[   -1146ms] [ERROR] Failed to load resource: net::ERR_NAME_NOT_RESOLVED @ https://test.com/?coppa=&gdpr=0&gdpr_consent=&gpp=&gpp_sid=&usp=1---:0
[   -1008ms] [ERROR] Failed to load resource: net::ERR_NAME_NOT_RESOLVED @ https://test.com/?coppa=&gdpr=0&gdpr_consent=&gpp=&gpp_sid=&usp=1---:0
[    -999ms] [ERROR] Failed to load resource: the server responded with a status of 400 () @ https://eb2.3lift.com/getuid?gdpr=0&gdpr_consent=&redir=https%3A%2F%2Fvisitor.us-east4.gcp.omnitagjs.com%2Fvisitor%2Fsync%3Fgdpr%3D0%26gdpr_consent%3D%26is_cookie_sync_uid%3D1%26name%3DTRIPLELIFT_cookie_sync%26ttl%3D720%26uid%3D771bebe2d6221e9ca65e16ebf8d2f6f3%26visitor%3D%24UID:0
[     321ms] [WARNING] Mixed Content: The page at 'https://sync.adprime.com/iframe?pbjs=1&coppa=0' was loaded over HTTPS, but requested an insecure element 'http://s.adtelligent.com/sync.html?aid=798038'. This request was automatically upgraded to HTTPS, For more information see https://blog.chromium.org/2019/10/no-more-mixed-messages-about-https.html @ https://sync.adprime.com/iframe?pbjs=1&coppa=0:0
[     321ms] [WARNING] Mixed Content: The page at 'https://sync.adprime.com/iframe?pbjs=1&coppa=0' was loaded over HTTPS, but requested an insecure element 'http://inv-nets.admixer.net/adxcm.aspx?ssp=1B0D5B12-1453-4D2F-8696-FEB0364AF283&rurl=https%3A%2F%2Fsync.adprime.com%2F09c8e2eece5857c291d6efc800b2a845.gif%3Fpuid%3D%24%24visitor_cookie%24%24%26redir%3D%5BRED%5D'. This request was automatically upgraded to HTTPS, For more information see https://blog.chromium.org/2019/10/no-more-mixed-messages-about-https.html @ https://sync.adprime.com/iframe?pbjs=1&coppa=0:0
[     322ms] [WARNING] Mixed Content: The page at 'https://sync.adprime.com/iframe?pbjs=1&coppa=0' was loaded over HTTPS, but requested an insecure element 'http://s.adtelligent.com/sync.html?aid=798038'. This request was automatically upgraded to HTTPS, For more information see https://blog.chromium.org/2019/10/no-more-mixed-messages-about-https.html @ https://sync.adprime.com/iframe?pbjs=1&coppa=0:0
[     322ms] [WARNING] Mixed Content: The page at 'https://sync.adprime.com/iframe?pbjs=1&coppa=0' was loaded over HTTPS, but requested an insecure element 'http://inv-nets.admixer.net/adxcm.aspx?ssp=1B0D5B12-1453-4D2F-8696-FEB0364AF283&rurl=https%3A%2F%2Fsync.adprime.com%2F09c8e2eece5857c291d6efc800b2a845.gif%3Fpuid%3D%24%24visitor_cookie%24%24%26redir%3D%5BRED%5D'. This request was automatically upgraded to HTTPS, For more information see https://blog.chromium.org/2019/10/no-more-mixed-messages-about-https.html @ https://sync.adprime.com/iframe?pbjs=1&coppa=0:0
[   -1664ms] [ERROR] Failed to load resource: net::ERR_HTTP2_SERVER_REFUSED_STREAM @ https://cs.admanmedia.com/77bb8e39d66271fda1db01d45766b9d9.gif?gdpr=0&gdpr_consent=%5BGDPR_CONSENT%5D&redir=https%3A%2F%2Fcs.yellowblue.io%2Fcs%3Ffwrd%3D1%26aid%3D11559%26id%3D%5BUID%5D:0
[   -1074ms] [ERROR] Failed to load resource: the server responded with a status of 404 () @ https://id5-sync.com/k/155.gif?puid=AABCT07UmyoAAAIgkT5cIg&id5AccountNum=155&numCascadesAllowed=9&gdpr=0:0
[    -934ms] [ERROR] Failed to load resource: the server responded with a status of 404 () @ https://id5-sync.com/k/264.gif?puid=329d613b-bc64-46ea-a9fd-ba8ba82a2817&ttl=%%TTL%%:0
[    -508ms] [ERROR] Failed to load resource: net::ERR_NAME_NOT_RESOLVED @ https://px.owneriq.net/eox:0
[   -1527ms] [ERROR] Failed to load resource: the server responded with a status of 404 () @ https://ittpx.eskimi.com/sync?sp_id=238&gdpr=undefined&gdpr_consent=undefined&us_privacy=undefined&gpp=undefined&gpp_sid=undefined:0
[   -1505ms] [ERROR] Failed to load resource: the server responded with a status of 404 () @ https://ittpx.eskimi.com/sync?sp_id=238&gdpr=undefined&gdpr_consent=undefined&us_privacy=undefined&gpp=undefined&gpp_sid=undefined:0
[    -746ms] [ERROR] Failed to load resource: the server responded with a status of 400 (Bad Request) @ https://sync.adkernel.com/user-sync?zone=252325&gdpr=0&gdpr_consent=&us_privacy=&t=image&r=https%3A%2F%2Fittpx.eskimi.com%2Fsync%3Fdp_id%3D52%26gdpr%3D0%26gdpr_consent%3D%26us_privacy%3D%26user_id%3D%7BUID%7D:0
[    -609ms] [ERROR] Failed to load resource: the server responded with a status of 400 (Bad Request) @ https://sync.adkernel.com/user-sync?zone=252325&gdpr=0&gdpr_consent=&us_privacy=&t=image&r=https%3A%2F%2Fittpx.eskimi.com%2Fsync%3Fdp_id%3D52%26gdpr%3D0%26gdpr_consent%3D%26us_privacy%3D%26user_id%3D%7BUID%7D:0
[     -96ms] [ERROR] Failed to load resource: the server responded with a status of 404 (Not Found) @ https://cs.pgammedia.com/4c24359a10e13aae23a00fcb8992a145.gif?puid=24a83ba6-9e33-4995-a027-1f7711b3aa89&gdpr=0&gdpr_consent=&gpp=&gpp_sid=:0
[     332ms] [ERROR] Failed to load resource: the server responded with a status of 404 () @ https://ittpx.eskimi.com/sync?sp_id=238&gdpr=undefined&gdpr_consent=undefined&us_privacy=undefined&gpp=undefined&gpp_sid=undefined:0
[   -1151ms] [ERROR] Failed to load resource: the server responded with a status of 400 () @ https://eb2.3lift.com/getuid?gdpr=0&gdpr_consent=&redir=https%3A%2F%2Fvisitor.us-east4.gcp.omnitagjs.com%2Fvisitor%2Fsync%3Fgdpr%3D0%26gdpr_consent%3D%26is_cookie_sync_uid%3D1%26name%3DTRIPLELIFT_cookie_sync%26ttl%3D720%26uid%3D771bebe2d6221e9ca65e16ebf8d2f6f3%26visitor%3D%24UID:0
[   -1146ms] [ERROR] Failed to load resource: net::ERR_NAME_NOT_RESOLVED @ https://test.com/?coppa=&gdpr=0&gdpr_consent=&gpp=&gpp_sid=&usp=1---:0
[   -1008ms] [ERROR] Failed to load resource: net::ERR_NAME_NOT_RESOLVED @ https://test.com/?coppa=&gdpr=0&gdpr_consent=&gpp=&gpp_sid=&usp=1---:0
[    -999ms] [ERROR] Failed to load resource: the server responded with a status of 400 () @ https://eb2.3lift.com/getuid?gdpr=0&gdpr_consent=&redir=https%3A%2F%2Fvisitor.us-east4.gcp.omnitagjs.com%2Fvisitor%2Fsync%3Fgdpr%3D0%26gdpr_consent%3D%26is_cookie_sync_uid%3D1%26name%3DTRIPLELIFT_cookie_sync%26ttl%3D720%26uid%3D771bebe2d6221e9ca65e16ebf8d2f6f3%26visitor%3D%24UID:0
[    1026ms] [WARNING] [GPT] PubAdsService.setTargeting is deprecated, use googletag.setConfig({targeting: ...}) instead.
https://goo.gle/gpt-message#170 @ https://securepubads.g.doubleclick.net/pagead/managed/js/gpt/m202606290101/pubads_impl.js:18
[    1028ms] [WARNING] [GPT] Slot.setTargeting is deprecated, use Slot.setConfig({targeting: ...}) instead.
https://goo.gle/gpt-message#171 @ https://securepubads.g.doubleclick.net/pagead/managed/js/gpt/m202606290101/pubads_impl.js:18
[    3223ms] [ERROR] Attestation check for Shared Storage on https://www.googleadservices.com failed. @ https://www.googleadservices.com/pagead/managed/js/activeview/current/reach_worklet.html:0
[    3524ms] [TIMEEND] a: 0.001953125 ms @ https://static.adsafeprotected.com/sca.17.6.4.js:31
[    3587ms] [LOG] page loaded @ https://cdn.flashtalking.com/235315/7271461_MOB_Samsung_NPI_Device_H6_Looking_DV360_TD_WM_728x90/js/main.js?v=1776184473598:8
[    3591ms] [LOG] All Images loaded @ https://cdn.flashtalking.com/235315/7271461_MOB_Samsung_NPI_Device_H6_Looking_DV360_TD_WM_728x90/js/main.js?v=1776184473598:8
[    3606ms] [LOG] Fonts loaded @ https://cdn.flashtalking.com/235315/7271461_MOB_Samsung_NPI_Device_H6_Looking_DV360_TD_WM_728x90/js/main.js?v=1776184473598:8
[    3606ms] [LOG] Action! @ https://cdn.flashtalking.com/235315/7271461_MOB_Samsung_NPI_Device_H6_Looking_DV360_TD_WM_728x90/js/main.js?v=1776184473598:8
[    3610ms] [LOG] Animation Runtime is 5.422000000000001 @ https://cdn.flashtalking.com/235315/7271461_MOB_Samsung_NPI_Device_H6_Looking_DV360_TD_WM_728x90/js/main.js?v=1776184473598:8
[    4845ms] [LOG] Failed to read a named property 'document' from 'Window': Blocked a frame with origin "https://abb15344b7df0c4e17d279a6141750ec.safeframe.googlesyndication.com" from accessing a cross-origin frame. @ https://choices.trustarc.com/get?name=pmw2.js:0
[    5018ms] [LOG] Failed to read a named property 'document' from 'Window': Blocked a frame with origin "https://abb15344b7df0c4e17d279a6141750ec.safeframe.googlesyndication.com" from accessing a cross-origin frame. @ https://choices.trustarc.com/get?name=pmw2.js:0
[    5419ms] [ERROR] Failed to load resource: net::ERR_NAME_NOT_RESOLVED @ https://cs.iqzone.com/b410eef59a43f3503bea0d01cf0ef564.gif?puid=83hB19vHkjjS&redir=https%3A%2F%2Fbh.contextweb.com%2Fbh%2Frtset%3Fdo%3Dadd%26pid%3D563365%26ev%3D%5BUID%5D&gdpr=[GDPR]&gdpr_consent=[GDPR_CONSENT]&ccpa=[CCPA]&coppa=[COPPA]:0
[    5423ms] [WARNING] Mixed Content: The page at 'https://sync.adprime.com/iframe?pbjs=1&coppa=0' was loaded over HTTPS, but requested an insecure element 'http://s.adtelligent.com/sync.html?aid=798038'. This request was automatically upgraded to HTTPS, For more information see https://blog.chromium.org/2019/10/no-more-mixed-messages-about-https.html @ https://sync.adprime.com/iframe?pbjs=1&coppa=0:0
[    5423ms] [WARNING] Mixed Content: The page at 'https://sync.adprime.com/iframe?pbjs=1&coppa=0' was loaded over HTTPS, but requested an insecure element 'http://inv-nets.admixer.net/adxcm.aspx?ssp=1B0D5B12-1453-4D2F-8696-FEB0364AF283&rurl=https%3A%2F%2Fsync.adprime.com%2F09c8e2eece5857c291d6efc800b2a845.gif%3Fpuid%3D%24%24visitor_cookie%24%24%26redir%3D%5BRED%5D'. This request was automatically upgraded to HTTPS, For more information see https://blog.chromium.org/2019/10/no-more-mixed-messages-about-https.html @ https://sync.adprime.com/iframe?pbjs=1&coppa=0:0
[    5424ms] [WARNING] Mixed Content: The page at 'https://sync.adprime.com/iframe?pbjs=1&coppa=0' was loaded over HTTPS, but requested an insecure element 'http://s.adtelligent.com/sync.html?aid=798038'. This request was automatically upgraded to HTTPS, For more information see https://blog.chromium.org/2019/10/no-more-mixed-messages-about-https.html @ https://sync.adprime.com/iframe?pbjs=1&coppa=0:0
[    5424ms] [WARNING] Mixed Content: The page at 'https://sync.adprime.com/iframe?pbjs=1&coppa=0' was loaded over HTTPS, but requested an insecure element 'http://inv-nets.admixer.net/adxcm.aspx?ssp=1B0D5B12-1453-4D2F-8696-FEB0364AF283&rurl=https%3A%2F%2Fsync.adprime.com%2F09c8e2eece5857c291d6efc800b2a845.gif%3Fpuid%3D%24%24visitor_cookie%24%24%26redir%3D%5BRED%5D'. This request was automatically upgraded to HTTPS, For more information see https://blog.chromium.org/2019/10/no-more-mixed-messages-about-https.html @ https://sync.adprime.com/iframe?pbjs=1&coppa=0:0
[    5427ms] [ERROR] Failed to load resource: the server responded with a status of 400 () @ https://s.ad.smaato.net/c/?dspInit=1002112&dspCookie=7e99a073-5ce2-4278-9d6f-9b748a4e9bf1:0
[    5453ms] [ERROR] Failed to load resource: the server responded with a status of 404 () @ https://x.bidswitch.net/sync?ssp=adprime&user_id=7e99a073-5ce2-4278-9d6f-9b748a4e9bf1:0
[    5455ms] [ERROR] Failed to load resource: the server responded with a status of 400 (Bad Request) @ https://sync-service.net/user-sync?pl=adsgard&token=Mxf32quU4FQzPlO8I&uid=7e99a073-5ce2-4278-9d6f-9b748a4e9bf1:0
[    5490ms] [ERROR] Failed to load resource: the server responded with a status of 400 (Bad Request) @ https://sync-service.net/user-sync?pl=decenterads:0
[    5490ms] [ERROR] Failed to load resource: the server responded with a status of 400 (Bad Request) @ https://sync-service.net/user-sync?pl=community:0
[    5549ms] [ERROR] Failed to load resource: the server responded with a status of 400 (Bad Request) @ https://sync-service.net/user-sync?pl=adsgard&token=Mxf32quU4FQzPlO8I&uid=7e99a073-5ce2-4278-9d6f-9b748a4e9bf1:0
[    5553ms] [LOG] Recent pixels found, Skipping... @ https://usync.ingage.tech/?gdpr=0&gdpr_consent=&us_privacy=1---&redirect=https%3A%2F%2Fcookies.nextmillmedia.com%2Fsetuid%3Fbidder%3Dinsticator%26nmuid%3D675a0d67-ba73-4d68-9381-bd5db6090d4c%26gdpr%3D0%26gdpr_consent%3D%26us_privacy%3D1---%26uid%3D%24UID:0
[    5557ms] [ERROR] Failed to load resource: net::ERR_NAME_NOT_RESOLVED @ https://cs.iqzone.com/6f0476ca45e1d6b67e3ee8d57532a022.gif?redir=https%3A%2F%2Fsync.cootlogix.com%2Fapi%2Fcookie%3FpartnerId%3Diqzone%26gdpr%3D0%26gdpr_consent%3D%26us_privacy%3D1---%26userId%3D%5BUID%5D&gdpr=0&gdpr_consent=&ccpa=1---:0
[    5578ms] [ERROR] Failed to load resource: the server responded with a status of 404 (Not Found) @ https://us4.shb-sync.com/a760a5a7-e35e-49b8-9f5e-723455346741.gif?puid=8d54832e-d300-dcfe-0336-d72cb3178076&gdpr=0&gdpr_consent=0ccpa=1---:0
[    5684ms] [ERROR] Failed to load resource: the server responded with a status of 404 (Not Found) @ https://us5.shb-sync.com/5c52ac23-2f25-4ff0-a29f-f9965dd4cb80.gif?gdpr=[GDPR]&gdpr_consent=[GDPR_CONSENT]&ccpa=[CCPA]&redir=https%3A%2F%2Fsync.adprime.com%2F4769471a9639ff804bac12f22906d0a3.gif%3Fpuid%3D%5BUID%5D%26redir%3D%5BRED%5D%26gdpr%3D%5BGDPR%5D%26gdpr_consent%3D%5BGDPR_CONSENT%5D%26coppa%3D0%26gpp%3D%5BGPP%5D%26gpp_sid%3D%5BGPP_SID%5D%0A:0
[    5692ms] [ERROR] Failed to load resource: the server responded with a status of 404 (Not Found) @ https://us.shb-sync.com/6c8cfeda-0d22-4b58-a4f0-e4693e530957.gif?puid=7e99a073-5ce2-4278-9d6f-9b748a4e9bf1&redir=[RED]&gdpr=[GDPR]&gdpr_consent=[GDPR_CONSENT]&ccpa=[CCPA]:0
[    5700ms] [ERROR] Failed to load resource: the server responded with a status of 404 () @ https://cs.admanmedia.com/292deb7c3c2bf25073c04bb900f3a44a.gif??gdpr=0&gdpr_consent=&us_privacy=1---&redir=https%3A%2F%2Fcookies.nextmillmedia.com%2Fsetuid%3Fbidder%3Dadmanmedia%26nmuid%3D675a0d67-ba73-4d68-9381-bd5db6090d4c%26gdpr%3D0%26gdpr_consent%3D%26us_privacy%3D1---%26uid%3D%5BUID%5D:0
[    5716ms] [ERROR] Failed to load resource: the server responded with a status of 404 () @ https://cs.admanmedia.com/8bf485f2f7953795fa7f7157456e7e1c.gif?puid=7e99a073-5ce2-4278-9d6f-9b748a4e9bf1&redir=[RED]&gdpr=[GDPR]&gdpr_consent=[GDPR_CONSENT]&ccpa=[CCPA]&coppa=0:0
[    5810ms] [ERROR] Failed to load resource: the server responded with a status of 424 (Failed Dependency) @ https://t.adx.opera.com/pub/sync?pubid=pub10101531197440&gdpr=1&gdpr_consent=:0
[    5557ms] [ERROR] Failed to load resource: net::ERR_NAME_NOT_RESOLVED @ https://cs.iqzone.com/6f0476ca45e1d6b67e3ee8d57532a022.gif?redir=https%3A%2F%2Fsync.cootlogix.com%2Fapi%2Fcookie%3FpartnerId%3Diqzone%26gdpr%3D0%26gdpr_consent%3D%26us_privacy%3D1---%26userId%3D%5BUID%5D&gdpr=0&gdpr_consent=&ccpa=1---:0
[    5578ms] [ERROR] Failed to load resource: the server responded with a status of 404 (Not Found) @ https://us4.shb-sync.com/a760a5a7-e35e-49b8-9f5e-723455346741.gif?puid=8d54832e-d300-dcfe-0336-d72cb3178076&gdpr=0&gdpr_consent=0ccpa=1---:0
[    5956ms] [ERROR] Failed to load resource: net::ERR_NAME_NOT_RESOLVED @ https://cs.iqzone.com/6f0476ca45e1d6b67e3ee8d57532a022.gif?redir=https%3A%2F%2Fsync.cootlogix.com%2Fapi%2Fcookie%3FpartnerId%3Diqzone%26gdpr%3D%26gdpr_consent%3D%26us_privacy%3D%26userId%3D%5BUID%5D&gdpr=&gdpr_consent=&ccpa=:0
[    5978ms] [ERROR] Failed to load resource: the server responded with a status of 404 (Not Found) @ https://us4.shb-sync.com/a760a5a7-e35e-49b8-9f5e-723455346741.gif?puid=8d54832e-d300-dcfe-0336-d72cb3178076&gdpr=&gdpr_consent=ccpa=:0
[    6007ms] [ERROR] Failed to load resource: the server responded with a status of 404 (Not Found) @ https://b1sync.zemanta.com/usersync/ogury/?gdpr=0&gdpr_consent=&cb=https%3A%2F%2Fms-cookie-sync.presage.io%2Fuser-sync%3Foutbrain_id%3D__ZUID__:0
[    6008ms] [ERROR] Failed to load resource: net::ERR_NAME_NOT_RESOLVED @ https://visitor-taipeidigitalvideo.omnitagjs.com/visitor/bsync?uid=109981e35ee6e5a3cd5ef6913b074ed9&name=gen01&url=https%3A%2F%2Fsync.adtech.ink%2Fpsync%3Ft%3Dd%26e%3D113%26u%3DPARTNER_USER_ID%26clp%3DaHR0cHM6Ly9zeW5jLmNvb3Rsb2dpeC5jb20vYXBpL2Nvb2tpZT9wYXJ0bmVySWQ9YWRpc29udHYmdXNlcklkPSVVU0VSX0lEJSZnZHByPSZnZHByX2NvbnNlbnQ9JnVzX3ByaXZhY3k9:0
[    6010ms] [ERROR] Failed to load resource: the server responded with a status of 404 () @ https://cs.admanmedia.com/94fd017f496d404a25fc5546f959bf2f.gif?gdpr=&gdpr_consent=&us_privacy=&redir=https%3A%2F%2Fsync.kueezrtb.com%2Fapi%2Fcookie%3FpartnerId%3Dkueez-acuity%26gdpr%3D%26gdpr_consent%3D%26us_privacy%3D%26userId%3D%5BUID%5D:0
[    5557ms] [ERROR] Failed to load resource: net::ERR_NAME_NOT_RESOLVED @ https://cs.iqzone.com/6f0476ca45e1d6b67e3ee8d57532a022.gif?redir=https%3A%2F%2Fsync.cootlogix.com%2Fapi%2Fcookie%3FpartnerId%3Diqzone%26gdpr%3D0%26gdpr_consent%3D%26us_privacy%3D1---%26userId%3D%5BUID%5D&gdpr=0&gdpr_consent=&ccpa=1---:0
[    5578ms] [ERROR] Failed to load resource: the server responded with a status of 404 (Not Found) @ https://us4.shb-sync.com/a760a5a7-e35e-49b8-9f5e-723455346741.gif?puid=8d54832e-d300-dcfe-0336-d72cb3178076&gdpr=0&gdpr_consent=0ccpa=1---:0
[    5956ms] [ERROR] Failed to load resource: net::ERR_NAME_NOT_RESOLVED @ https://cs.iqzone.com/6f0476ca45e1d6b67e3ee8d57532a022.gif?redir=https%3A%2F%2Fsync.cootlogix.com%2Fapi%2Fcookie%3FpartnerId%3Diqzone%26gdpr%3D%26gdpr_consent%3D%26us_privacy%3D%26userId%3D%5BUID%5D&gdpr=&gdpr_consent=&ccpa=:0
[    5978ms] [ERROR] Failed to load resource: the server responded with a status of 404 (Not Found) @ https://us4.shb-sync.com/a760a5a7-e35e-49b8-9f5e-723455346741.gif?puid=8d54832e-d300-dcfe-0336-d72cb3178076&gdpr=&gdpr_consent=ccpa=:0
[    6008ms] [ERROR] Failed to load resource: net::ERR_NAME_NOT_RESOLVED @ https://visitor-taipeidigitalvideo.omnitagjs.com/visitor/bsync?uid=109981e35ee6e5a3cd5ef6913b074ed9&name=gen01&url=https%3A%2F%2Fsync.adtech.ink%2Fpsync%3Ft%3Dd%26e%3D113%26u%3DPARTNER_USER_ID%26clp%3DaHR0cHM6Ly9zeW5jLmNvb3Rsb2dpeC5jb20vYXBpL2Nvb2tpZT9wYXJ0bmVySWQ9YWRpc29udHYmdXNlcklkPSVVU0VSX0lEJSZnZHByPSZnZHByX2NvbnNlbnQ9JnVzX3ByaXZhY3k9:0
[    6099ms] [ERROR] Failed to load resource: the server responded with a status of 404 () @ https://ittpx.eskimi.com/sync?sp_id=238&gdpr=undefined&gdpr_consent=undefined&us_privacy=undefined&gpp=undefined&gpp_sid=undefined:0
[    6099ms] [ERROR] Failed to load resource: the server responded with a status of 404 () @ https://ittpx.eskimi.com/sync?sp_id=238&gdpr=undefined&gdpr_consent=undefined&us_privacy=undefined&gpp=undefined&gpp_sid=undefined:0
[    6101ms] [ERROR] Failed to load resource: the server responded with a status of 404 () @ https://ittpx.eskimi.com/sync?sp_id=%20239&gdpr=&gdpr_consent=&us_privacy=&dest=https%3A%2F%2Fsync.kueezrtb.com%2Fapi%2Fcookie%3FpartnerId%3Dkueez-eskimi%26userId%3D%24%7BUSER_ID%7D%26gdpr%3D%26gdpr_consent%3D%26us_privacy%3D:0
[    5557ms] [ERROR] Failed to load resource: net::ERR_NAME_NOT_RESOLVED @ https://cs.iqzone.com/6f0476ca45e1d6b67e3ee8d57532a022.gif?redir=https%3A%2F%2Fsync.cootlogix.com%2Fapi%2Fcookie%3FpartnerId%3Diqzone%26gdpr%3D0%26gdpr_consent%3D%26us_privacy%3D1---%26userId%3D%5BUID%5D&gdpr=0&gdpr_consent=&ccpa=1---:0
[    5578ms] [ERROR] Failed to load resource: the server responded with a status of 404 (Not Found) @ https://us4.shb-sync.com/a760a5a7-e35e-49b8-9f5e-723455346741.gif?puid=8d54832e-d300-dcfe-0336-d72cb3178076&gdpr=0&gdpr_consent=0ccpa=1---:0
[    5956ms] [ERROR] Failed to load resource: net::ERR_NAME_NOT_RESOLVED @ https://cs.iqzone.com/6f0476ca45e1d6b67e3ee8d57532a022.gif?redir=https%3A%2F%2Fsync.cootlogix.com%2Fapi%2Fcookie%3FpartnerId%3Diqzone%26gdpr%3D%26gdpr_consent%3D%26us_privacy%3D%26userId%3D%5BUID%5D&gdpr=&gdpr_consent=&ccpa=:0
[    5978ms] [ERROR] Failed to load resource: the server responded with a status of 404 (Not Found) @ https://us4.shb-sync.com/a760a5a7-e35e-49b8-9f5e-723455346741.gif?puid=8d54832e-d300-dcfe-0336-d72cb3178076&gdpr=&gdpr_consent=ccpa=:0
[    6008ms] [ERROR] Failed to load resource: net::ERR_NAME_NOT_RESOLVED @ https://visitor-taipeidigitalvideo.omnitagjs.com/visitor/bsync?uid=109981e35ee6e5a3cd5ef6913b074ed9&name=gen01&url=https%3A%2F%2Fsync.adtech.ink%2Fpsync%3Ft%3Dd%26e%3D113%26u%3DPARTNER_USER_ID%26clp%3DaHR0cHM6Ly9zeW5jLmNvb3Rsb2dpeC5jb20vYXBpL2Nvb2tpZT9wYXJ0bmVySWQ9YWRpc29udHYmdXNlcklkPSVVU0VSX0lEJSZnZHByPSZnZHByX2NvbnNlbnQ9JnVzX3ByaXZhY3k9:0
[    5810ms] [ERROR] Failed to load resource: the server responded with a status of 424 (Failed Dependency) @ https://t.adx.opera.com/pub/sync?pubid=pub10101531197440&gdpr=1&gdpr_consent=:0
[    5810ms] [ERROR] Failed to load resource: the server responded with a status of 424 (Failed Dependency) @ https://t.adx.opera.com/pub/sync?pubid=pub10101531197440&gdpr=1&gdpr_consent=:0
[    5810ms] [ERROR] Failed to load resource: the server responded with a status of 424 (Failed Dependency) @ https://t.adx.opera.com/pub/sync?pubid=pub10101531197440&gdpr=1&gdpr_consent=:0
[    6010ms] [ERROR] Failed to load resource: the server responded with a status of 404 () @ https://cs.admanmedia.com/94fd017f496d404a25fc5546f959bf2f.gif?gdpr=&gdpr_consent=&us_privacy=&redir=https%3A%2F%2Fsync.kueezrtb.com%2Fapi%2Fcookie%3FpartnerId%3Dkueez-acuity%26gdpr%3D%26gdpr_consent%3D%26us_privacy%3D%26userId%3D%5BUID%5D:0
[    6007ms] [ERROR] Failed to load resource: the server responded with a status of 404 (Not Found) @ https://b1sync.zemanta.com/usersync/ogury/?gdpr=0&gdpr_consent=&cb=https%3A%2F%2Fms-cookie-sync.presage.io%2Fuser-sync%3Foutbrain_id%3D__ZUID__:0
[    5810ms] [ERROR] Failed to load resource: the server responded with a status of 424 (Failed Dependency) @ https://t.adx.opera.com/pub/sync?pubid=pub10101531197440&gdpr=1&gdpr_consent=:0
[    6328ms] [ERROR] Failed to load resource: the server responded with a status of 404 (Not Found) @ https://b1sync.zemanta.com/usersync/ogury/?gdpr=0&gdpr_consent=&cb=https%3A%2F%2Fms-cookie-sync.presage.io%2Fuser-sync%3Foutbrain_id%3D__ZUID__:0
[    5557ms] [ERROR] Failed to load resource: net::ERR_NAME_NOT_RESOLVED @ https://cs.iqzone.com/6f0476ca45e1d6b67e3ee8d57532a022.gif?redir=https%3A%2F%2Fsync.cootlogix.com%2Fapi%2Fcookie%3FpartnerId%3Diqzone%26gdpr%3D0%26gdpr_consent%3D%26us_privacy%3D1---%26userId%3D%5BUID%5D&gdpr=0&gdpr_consent=&ccpa=1---:0
[    5578ms] [ERROR] Failed to load resource: the server responded with a status of 404 (Not Found) @ https://us4.shb-sync.com/a760a5a7-e35e-49b8-9f5e-723455346741.gif?puid=8d54832e-d300-dcfe-0336-d72cb3178076&gdpr=0&gdpr_consent=0ccpa=1---:0
[    5956ms] [ERROR] Failed to load resource: net::ERR_NAME_NOT_RESOLVED @ https://cs.iqzone.com/6f0476ca45e1d6b67e3ee8d57532a022.gif?redir=https%3A%2F%2Fsync.cootlogix.com%2Fapi%2Fcookie%3FpartnerId%3Diqzone%26gdpr%3D%26gdpr_consent%3D%26us_privacy%3D%26userId%3D%5BUID%5D&gdpr=&gdpr_consent=&ccpa=:0
[    5978ms] [ERROR] Failed to load resource: the server responded with a status of 404 (Not Found) @ https://us4.shb-sync.com/a760a5a7-e35e-49b8-9f5e-723455346741.gif?puid=8d54832e-d300-dcfe-0336-d72cb3178076&gdpr=&gdpr_consent=ccpa=:0
[    6008ms] [ERROR] Failed to load resource: net::ERR_NAME_NOT_RESOLVED @ https://visitor-taipeidigitalvideo.omnitagjs.com/visitor/bsync?uid=109981e35ee6e5a3cd5ef6913b074ed9&name=gen01&url=https%3A%2F%2Fsync.adtech.ink%2Fpsync%3Ft%3Dd%26e%3D113%26u%3DPARTNER_USER_ID%26clp%3DaHR0cHM6Ly9zeW5jLmNvb3Rsb2dpeC5jb20vYXBpL2Nvb2tpZT9wYXJ0bmVySWQ9YWRpc29udHYmdXNlcklkPSVVU0VSX0lEJSZnZHByPSZnZHByX2NvbnNlbnQ9JnVzX3ByaXZhY3k9:0
[    6351ms] [ERROR] Failed to load resource: net::ERR_NAME_NOT_RESOLVED @ https://cs.iqzone.com/6f0476ca45e1d6b67e3ee8d57532a022.gif?redir=https%3A%2F%2Fsync.cootlogix.com%2Fapi%2Fcookie%3FpartnerId%3Diqzone%26gdpr%3D%26gdpr_consent%3D%26us_privacy%3D%26userId%3D%5BUID%5D&gdpr=&gdpr_consent=&ccpa=:0
[    6370ms] [ERROR] Failed to load resource: the server responded with a status of 404 (Not Found) @ https://us4.shb-sync.com/a760a5a7-e35e-49b8-9f5e-723455346741.gif?puid=8d54832e-d300-dcfe-0336-d72cb3178076&gdpr=&gdpr_consent=ccpa=:0
[    5557ms] [ERROR] Failed to load resource: net::ERR_NAME_NOT_RESOLVED @ https://cs.iqzone.com/6f0476ca45e1d6b67e3ee8d57532a022.gif?redir=https%3A%2F%2Fsync.cootlogix.com%2Fapi%2Fcookie%3FpartnerId%3Diqzone%26gdpr%3D0%26gdpr_consent%3D%26us_privacy%3D1---%26userId%3D%5BUID%5D&gdpr=0&gdpr_consent=&ccpa=1---:0
[    5578ms] [ERROR] Failed to load resource: the server responded with a status of 404 (Not Found) @ https://us4.shb-sync.com/a760a5a7-e35e-49b8-9f5e-723455346741.gif?puid=8d54832e-d300-dcfe-0336-d72cb3178076&gdpr=0&gdpr_consent=0ccpa=1---:0
[    5956ms] [ERROR] Failed to load resource: net::ERR_NAME_NOT_RESOLVED @ https://cs.iqzone.com/6f0476ca45e1d6b67e3ee8d57532a022.gif?redir=https%3A%2F%2Fsync.cootlogix.com%2Fapi%2Fcookie%3FpartnerId%3Diqzone%26gdpr%3D%26gdpr_consent%3D%26us_privacy%3D%26userId%3D%5BUID%5D&gdpr=&gdpr_consent=&ccpa=:0
[    5978ms] [ERROR] Failed to load resource: the server responded with a status of 404 (Not Found) @ https://us4.shb-sync.com/a760a5a7-e35e-49b8-9f5e-723455346741.gif?puid=8d54832e-d300-dcfe-0336-d72cb3178076&gdpr=&gdpr_consent=ccpa=:0
[    6008ms] [ERROR] Failed to load resource: net::ERR_NAME_NOT_RESOLVED @ https://visitor-taipeidigitalvideo.omnitagjs.com/visitor/bsync?uid=109981e35ee6e5a3cd5ef6913b074ed9&name=gen01&url=https%3A%2F%2Fsync.adtech.ink%2Fpsync%3Ft%3Dd%26e%3D113%26u%3DPARTNER_USER_ID%26clp%3DaHR0cHM6Ly9zeW5jLmNvb3Rsb2dpeC5jb20vYXBpL2Nvb2tpZT9wYXJ0bmVySWQ9YWRpc29udHYmdXNlcklkPSVVU0VSX0lEJSZnZHByPSZnZHByX2NvbnNlbnQ9JnVzX3ByaXZhY3k9:0
[    6351ms] [ERROR] Failed to load resource: net::ERR_NAME_NOT_RESOLVED @ https://cs.iqzone.com/6f0476ca45e1d6b67e3ee8d57532a022.gif?redir=https%3A%2F%2Fsync.cootlogix.com%2Fapi%2Fcookie%3FpartnerId%3Diqzone%26gdpr%3D%26gdpr_consent%3D%26us_privacy%3D%26userId%3D%5BUID%5D&gdpr=&gdpr_consent=&ccpa=:0
[    6370ms] [ERROR] Failed to load resource: the server responded with a status of 404 (Not Found) @ https://us4.shb-sync.com/a760a5a7-e35e-49b8-9f5e-723455346741.gif?puid=8d54832e-d300-dcfe-0336-d72cb3178076&gdpr=&gdpr_consent=ccpa=:0
[    6099ms] [ERROR] Failed to load resource: the server responded with a status of 404 () @ https://ittpx.eskimi.com/sync?sp_id=238&gdpr=undefined&gdpr_consent=undefined&us_privacy=undefined&gpp=undefined&gpp_sid=undefined:0
[    6101ms] [ERROR] Failed to load resource: the server responded with a status of 404 () @ https://ittpx.eskimi.com/sync?sp_id=%20239&gdpr=&gdpr_consent=&us_privacy=&dest=https%3A%2F%2Fsync.kueezrtb.com%2Fapi%2Fcookie%3FpartnerId%3Dkueez-eskimi%26userId%3D%24%7BUSER_ID%7D%26gdpr%3D%26gdpr_consent%3D%26us_privacy%3D:0
[    6392ms] [ERROR] Failed to load resource: the server responded with a status of 404 () @ https://ittpx.eskimi.com/sync?sp_id=238&gdpr=undefined&gdpr_consent=undefined&us_privacy=undefined&gpp=undefined&gpp_sid=undefined:0
[    6396ms] [ERROR] Failed to load resource: net::ERR_NAME_NOT_RESOLVED @ https://visitor-safari.omnitagjs.com/visitor/bsync?uid=d18a3e2f66cd92d3dd8b543f28c4a5cb&name=beop&url=https%3A%2F%2Fsync.adtech.ink%2Fpsync%3Ft%3Dd%26e%3D204%26u%3DPARTNER_USER_ID%26clp%3DaHR0cHM6Ly9zeW5jLmNvb3Rsb2dpeC5jb20vYXBpL2Nvb2tpZT9wYXJ0bmVySWQ9YWRpc29udHYmdXNlcklkPSVVU0VSX0lEJSZnZHByPSZnZHByX2NvbnNlbnQ9JnVzX3ByaXZhY3k9:0
[    6412ms] [ERROR] Failed to load resource: the server responded with a status of 404 () @ https://cs.admanmedia.com/94fd017f496d404a25fc5546f959bf2f.gif?gdpr=&gdpr_consent=&us_privacy=&redir=https%3A%2F%2Fsync.kueezrtb.com%2Fapi%2Fcookie%3FpartnerId%3Dkueez-acuity%26gdpr%3D%26gdpr_consent%3D%26us_privacy%3D%26userId%3D%5BUID%5D:0
[    6099ms] [ERROR] Failed to load resource: the server responded with a status of 404 () @ https://ittpx.eskimi.com/sync?sp_id=238&gdpr=undefined&gdpr_consent=undefined&us_privacy=undefined&gpp=undefined&gpp_sid=undefined:0
[    6101ms] [ERROR] Failed to load resource: the server responded with a status of 404 () @ https://ittpx.eskimi.com/sync?sp_id=%20239&gdpr=&gdpr_consent=&us_privacy=&dest=https%3A%2F%2Fsync.kueezrtb.com%2Fapi%2Fcookie%3FpartnerId%3Dkueez-eskimi%26userId%3D%24%7BUSER_ID%7D%26gdpr%3D%26gdpr_consent%3D%26us_privacy%3D:0
[    6392ms] [ERROR] Failed to load resource: the server responded with a status of 404 () @ https://ittpx.eskimi.com/sync?sp_id=238&gdpr=undefined&gdpr_consent=undefined&us_privacy=undefined&gpp=undefined&gpp_sid=undefined:0
[    6451ms] [ERROR] Failed to load resource: the server responded with a status of 404 () @ https://ittpx.eskimi.com/sync?sp_id=%20239&gdpr=&gdpr_consent=&us_privacy=&dest=https%3A%2F%2Fsync.kueezrtb.com%2Fapi%2Fcookie%3FpartnerId%3Dkueez-eskimi%26userId%3D%24%7BUSER_ID%7D%26gdpr%3D%26gdpr_consent%3D%26us_privacy%3D:0
[    5810ms] [ERROR] Failed to load resource: the server responded with a status of 424 (Failed Dependency) @ https://t.adx.opera.com/pub/sync?pubid=pub10101531197440&gdpr=1&gdpr_consent=:0
[    6010ms] [ERROR] Failed to load resource: the server responded with a status of 404 () @ https://cs.admanmedia.com/94fd017f496d404a25fc5546f959bf2f.gif?gdpr=&gdpr_consent=&us_privacy=&redir=https%3A%2F%2Fsync.kueezrtb.com%2Fapi%2Fcookie%3FpartnerId%3Dkueez-acuity%26gdpr%3D%26gdpr_consent%3D%26us_privacy%3D%26userId%3D%5BUID%5D:0
[    6412ms] [ERROR] Failed to load resource: the server responded with a status of 404 () @ https://cs.admanmedia.com/94fd017f496d404a25fc5546f959bf2f.gif?gdpr=&gdpr_consent=&us_privacy=&redir=https%3A%2F%2Fsync.kueezrtb.com%2Fapi%2Fcookie%3FpartnerId%3Dkueez-acuity%26gdpr%3D%26gdpr_consent%3D%26us_privacy%3D%26userId%3D%5BUID%5D:0
[    6007ms] [ERROR] Failed to load resource: the server responded with a status of 404 (Not Found) @ https://b1sync.zemanta.com/usersync/ogury/?gdpr=0&gdpr_consent=&cb=https%3A%2F%2Fms-cookie-sync.presage.io%2Fuser-sync%3Foutbrain_id%3D__ZUID__:0
[    6328ms] [ERROR] Failed to load resource: the server responded with a status of 404 (Not Found) @ https://b1sync.zemanta.com/usersync/ogury/?gdpr=0&gdpr_consent=&cb=https%3A%2F%2Fms-cookie-sync.presage.io%2Fuser-sync%3Foutbrain_id%3D__ZUID__:0
[    6503ms] [ERROR] Failed to load resource: the server responded with a status of 404 (Not Found) @ https://b1sync.zemanta.com/usersync/ogury/?gdpr=0&gdpr_consent=&cb=https%3A%2F%2Fms-cookie-sync.presage.io%2Fuser-sync%3Foutbrain_id%3D__ZUID__:0
[    5557ms] [ERROR] Failed to load resource: net::ERR_NAME_NOT_RESOLVED @ https://cs.iqzone.com/6f0476ca45e1d6b67e3ee8d57532a022.gif?redir=https%3A%2F%2Fsync.cootlogix.com%2Fapi%2Fcookie%3FpartnerId%3Diqzone%26gdpr%3D0%26gdpr_consent%3D%26us_privacy%3D1---%26userId%3D%5BUID%5D&gdpr=0&gdpr_consent=&ccpa=1---:0
[    5578ms] [ERROR] Failed to load resource: the server responded with a status of 404 (Not Found) @ https://us4.shb-sync.com/a760a5a7-e35e-49b8-9f5e-723455346741.gif?puid=8d54832e-d300-dcfe-0336-d72cb3178076&gdpr=0&gdpr_consent=0ccpa=1---:0
[    5956ms] [ERROR] Failed to load resource: net::ERR_NAME_NOT_RESOLVED @ https://cs.iqzone.com/6f0476ca45e1d6b67e3ee8d57532a022.gif?redir=https%3A%2F%2Fsync.cootlogix.com%2Fapi%2Fcookie%3FpartnerId%3Diqzone%26gdpr%3D%26gdpr_consent%3D%26us_privacy%3D%26userId%3D%5BUID%5D&gdpr=&gdpr_consent=&ccpa=:0
[    5978ms] [ERROR] Failed to load resource: the server responded with a status of 404 (Not Found) @ https://us4.shb-sync.com/a760a5a7-e35e-49b8-9f5e-723455346741.gif?puid=8d54832e-d300-dcfe-0336-d72cb3178076&gdpr=&gdpr_consent=ccpa=:0
[    6008ms] [ERROR] Failed to load resource: net::ERR_NAME_NOT_RESOLVED @ https://visitor-taipeidigitalvideo.omnitagjs.com/visitor/bsync?uid=109981e35ee6e5a3cd5ef6913b074ed9&name=gen01&url=https%3A%2F%2Fsync.adtech.ink%2Fpsync%3Ft%3Dd%26e%3D113%26u%3DPARTNER_USER_ID%26clp%3DaHR0cHM6Ly9zeW5jLmNvb3Rsb2dpeC5jb20vYXBpL2Nvb2tpZT9wYXJ0bmVySWQ9YWRpc29udHYmdXNlcklkPSVVU0VSX0lEJSZnZHByPSZnZHByX2NvbnNlbnQ9JnVzX3ByaXZhY3k9:0
[    6351ms] [ERROR] Failed to load resource: net::ERR_NAME_NOT_RESOLVED @ https://cs.iqzone.com/6f0476ca45e1d6b67e3ee8d57532a022.gif?redir=https%3A%2F%2Fsync.cootlogix.com%2Fapi%2Fcookie%3FpartnerId%3Diqzone%26gdpr%3D%26gdpr_consent%3D%26us_privacy%3D%26userId%3D%5BUID%5D&gdpr=&gdpr_consent=&ccpa=:0
[    6370ms] [ERROR] Failed to load resource: the server responded with a status of 404 (Not Found) @ https://us4.shb-sync.com/a760a5a7-e35e-49b8-9f5e-723455346741.gif?puid=8d54832e-d300-dcfe-0336-d72cb3178076&gdpr=&gdpr_consent=ccpa=:0
[    6396ms] [ERROR] Failed to load resource: net::ERR_NAME_NOT_RESOLVED @ https://visitor-safari.omnitagjs.com/visitor/bsync?uid=d18a3e2f66cd92d3dd8b543f28c4a5cb&name=beop&url=https%3A%2F%2Fsync.adtech.ink%2Fpsync%3Ft%3Dd%26e%3D204%26u%3DPARTNER_USER_ID%26clp%3DaHR0cHM6Ly9zeW5jLmNvb3Rsb2dpeC5jb20vYXBpL2Nvb2tpZT9wYXJ0bmVySWQ9YWRpc29udHYmdXNlcklkPSVVU0VSX0lEJSZnZHByPSZnZHByX2NvbnNlbnQ9JnVzX3ByaXZhY3k9:0
[    6533ms] [ERROR] Failed to load resource: net::ERR_NAME_NOT_RESOLVED @ https://cs.iqzone.com/6f0476ca45e1d6b67e3ee8d57532a022.gif?redir=https%3A%2F%2Fsync.cootlogix.com%2Fapi%2Fcookie%3FpartnerId%3Diqzone%26gdpr%3D%26gdpr_consent%3D%26us_privacy%3D%26userId%3D%5BUID%5D&gdpr=&gdpr_consent=&ccpa=:0
[    6550ms] [ERROR] Failed to load resource: the server responded with a status of 404 (Not Found) @ https://us4.shb-sync.com/a760a5a7-e35e-49b8-9f5e-723455346741.gif?puid=8d54832e-d300-dcfe-0336-d72cb3178076&gdpr=&gdpr_consent=ccpa=:0
[    6556ms] [ERROR] Failed to load resource: the server responded with a status of 400 () @ https://ssum-sec.casalemedia.com/usermatch?s=194558&cb=https%3A%2F%2Fu-ams.4dex.io%2Fsetuid%3Fbidder%3Dindexexchange%26it%3Dortb%26uid%3D:0
[    5557ms] [ERROR] Failed to load resource: net::ERR_NAME_NOT_RESOLVED @ https://cs.iqzone.com/6f0476ca45e1d6b67e3ee8d57532a022.gif?redir=https%3A%2F%2Fsync.cootlogix.com%2Fapi%2Fcookie%3FpartnerId%3Diqzone%26gdpr%3D0%26gdpr_consent%3D%26us_privacy%3D1---%26userId%3D%5BUID%5D&gdpr=0&gdpr_consent=&ccpa=1---:0
[    5578ms] [ERROR] Failed to load resource: the server responded with a status of 404 (Not Found) @ https://us4.shb-sync.com/a760a5a7-e35e-49b8-9f5e-723455346741.gif?puid=8d54832e-d300-dcfe-0336-d72cb3178076&gdpr=0&gdpr_consent=0ccpa=1---:0
[    5956ms] [ERROR] Failed to load resource: net::ERR_NAME_NOT_RESOLVED @ https://cs.iqzone.com/6f0476ca45e1d6b67e3ee8d57532a022.gif?redir=https%3A%2F%2Fsync.cootlogix.com%2Fapi%2Fcookie%3FpartnerId%3Diqzone%26gdpr%3D%26gdpr_consent%3D%26us_privacy%3D%26userId%3D%5BUID%5D&gdpr=&gdpr_consent=&ccpa=:0
[    5978ms] [ERROR] Failed to load resource: the server responded with a status of 404 (Not Found) @ https://us4.shb-sync.com/a760a5a7-e35e-49b8-9f5e-723455346741.gif?puid=8d54832e-d300-dcfe-0336-d72cb3178076&gdpr=&gdpr_consent=ccpa=:0
[    6008ms] [ERROR] Failed to load resource: net::ERR_NAME_NOT_RESOLVED @ https://visitor-taipeidigitalvideo.omnitagjs.com/visitor/bsync?uid=109981e35ee6e5a3cd5ef6913b074ed9&name=gen01&url=https%3A%2F%2Fsync.adtech.ink%2Fpsync%3Ft%3Dd%26e%3D113%26u%3DPARTNER_USER_ID%26clp%3DaHR0cHM6Ly9zeW5jLmNvb3Rsb2dpeC5jb20vYXBpL2Nvb2tpZT9wYXJ0bmVySWQ9YWRpc29udHYmdXNlcklkPSVVU0VSX0lEJSZnZHByPSZnZHByX2NvbnNlbnQ9JnVzX3ByaXZhY3k9:0
[    6351ms] [ERROR] Failed to load resource: net::ERR_NAME_NOT_RESOLVED @ https://cs.iqzone.com/6f0476ca45e1d6b67e3ee8d57532a022.gif?redir=https%3A%2F%2Fsync.cootlogix.com%2Fapi%2Fcookie%3FpartnerId%3Diqzone%26gdpr%3D%26gdpr_consent%3D%26us_privacy%3D%26userId%3D%5BUID%5D&gdpr=&gdpr_consent=&ccpa=:0
[    6370ms] [ERROR] Failed to load resource: the server responded with a status of 404 (Not Found) @ https://us4.shb-sync.com/a760a5a7-e35e-49b8-9f5e-723455346741.gif?puid=8d54832e-d300-dcfe-0336-d72cb3178076&gdpr=&gdpr_consent=ccpa=:0
[    6396ms] [ERROR] Failed to load resource: net::ERR_NAME_NOT_RESOLVED @ https://visitor-safari.omnitagjs.com/visitor/bsync?uid=d18a3e2f66cd92d3dd8b543f28c4a5cb&name=beop&url=https%3A%2F%2Fsync.adtech.ink%2Fpsync%3Ft%3Dd%26e%3D204%26u%3DPARTNER_USER_ID%26clp%3DaHR0cHM6Ly9zeW5jLmNvb3Rsb2dpeC5jb20vYXBpL2Nvb2tpZT9wYXJ0bmVySWQ9YWRpc29udHYmdXNlcklkPSVVU0VSX0lEJSZnZHByPSZnZHByX2NvbnNlbnQ9JnVzX3ByaXZhY3k9:0
[    6533ms] [ERROR] Failed to load resource: net::ERR_NAME_NOT_RESOLVED @ https://cs.iqzone.com/6f0476ca45e1d6b67e3ee8d57532a022.gif?redir=https%3A%2F%2Fsync.cootlogix.com%2Fapi%2Fcookie%3FpartnerId%3Diqzone%26gdpr%3D%26gdpr_consent%3D%26us_privacy%3D%26userId%3D%5BUID%5D&gdpr=&gdpr_consent=&ccpa=:0
[    6550ms] [ERROR] Failed to load resource: the server responded with a status of 404 (Not Found) @ https://us4.shb-sync.com/a760a5a7-e35e-49b8-9f5e-723455346741.gif?puid=8d54832e-d300-dcfe-0336-d72cb3178076&gdpr=&gdpr_consent=ccpa=:0
[    6573ms] [ERROR] Failed to load resource: net::ERR_NAME_NOT_RESOLVED @ https://visitor-rtbmix.omnitagjs.com/visitor/bsync?uid=681194867b1fea57a9aee256eb5ea0a7&name=gen01&url=https%3A%2F%2Fsync.adtech.ink%2Fpsync%3Ft%3Dd%26e%3D103%26u%3DPARTNER_USER_ID%26clp%3DaHR0cHM6Ly9zeW5jLmNvb3Rsb2dpeC5jb20vYXBpL2Nvb2tpZT9wYXJ0bmVySWQ9YWRpc29udHYmdXNlcklkPSVVU0VSX0lEJSZnZHByPSZnZHByX2NvbnNlbnQ9JnVzX3ByaXZhY3k9:0
[    6099ms] [ERROR] Failed to load resource: the server responded with a status of 404 () @ https://ittpx.eskimi.com/sync?sp_id=238&gdpr=undefined&gdpr_consent=undefined&us_privacy=undefined&gpp=undefined&gpp_sid=undefined:0
[    6101ms] [ERROR] Failed to load resource: the server responded with a status of 404 () @ https://ittpx.eskimi.com/sync?sp_id=%20239&gdpr=&gdpr_consent=&us_privacy=&dest=https%3A%2F%2Fsync.kueezrtb.com%2Fapi%2Fcookie%3FpartnerId%3Dkueez-eskimi%26userId%3D%24%7BUSER_ID%7D%26gdpr%3D%26gdpr_consent%3D%26us_privacy%3D:0
[    6392ms] [ERROR] Failed to load resource: the server responded with a status of 404 () @ https://ittpx.eskimi.com/sync?sp_id=238&gdpr=undefined&gdpr_consent=undefined&us_privacy=undefined&gpp=undefined&gpp_sid=undefined:0
[    6451ms] [ERROR] Failed to load resource: the server responded with a status of 404 () @ https://ittpx.eskimi.com/sync?sp_id=%20239&gdpr=&gdpr_consent=&us_privacy=&dest=https%3A%2F%2Fsync.kueezrtb.com%2Fapi%2Fcookie%3FpartnerId%3Dkueez-eskimi%26userId%3D%24%7BUSER_ID%7D%26gdpr%3D%26gdpr_consent%3D%26us_privacy%3D:0
[    6582ms] [ERROR] Failed to load resource: the server responded with a status of 404 () @ https://ittpx.eskimi.com/sync?sp_id=238&gdpr=undefined&gdpr_consent=undefined&us_privacy=undefined&gpp=undefined&gpp_sid=undefined:0
[    6099ms] [ERROR] Failed to load resource: the server responded with a status of 404 () @ https://ittpx.eskimi.com/sync?sp_id=238&gdpr=undefined&gdpr_consent=undefined&us_privacy=undefined&gpp=undefined&gpp_sid=undefined:0
[    6101ms] [ERROR] Failed to load resource: the server responded with a status of 404 () @ https://ittpx.eskimi.com/sync?sp_id=%20239&gdpr=&gdpr_consent=&us_privacy=&dest=https%3A%2F%2Fsync.kueezrtb.com%2Fapi%2Fcookie%3FpartnerId%3Dkueez-eskimi%26userId%3D%24%7BUSER_ID%7D%26gdpr%3D%26gdpr_consent%3D%26us_privacy%3D:0
[    6392ms] [ERROR] Failed to load resource: the server responded with a status of 404 () @ https://ittpx.eskimi.com/sync?sp_id=238&gdpr=undefined&gdpr_consent=undefined&us_privacy=undefined&gpp=undefined&gpp_sid=undefined:0
[    6451ms] [ERROR] Failed to load resource: the server responded with a status of 404 () @ https://ittpx.eskimi.com/sync?sp_id=%20239&gdpr=&gdpr_consent=&us_privacy=&dest=https%3A%2F%2Fsync.kueezrtb.com%2Fapi%2Fcookie%3FpartnerId%3Dkueez-eskimi%26userId%3D%24%7BUSER_ID%7D%26gdpr%3D%26gdpr_consent%3D%26us_privacy%3D:0
[    6582ms] [ERROR] Failed to load resource: the server responded with a status of 404 () @ https://ittpx.eskimi.com/sync?sp_id=238&gdpr=undefined&gdpr_consent=undefined&us_privacy=undefined&gpp=undefined&gpp_sid=undefined:0
[    6609ms] [ERROR] Failed to load resource: the server responded with a status of 404 () @ https://ittpx.eskimi.com/sync?sp_id=%20239&gdpr=&gdpr_consent=&us_privacy=&dest=https%3A%2F%2Fsync.kueezrtb.com%2Fapi%2Fcookie%3FpartnerId%3Dkueez-eskimi%26userId%3D%24%7BUSER_ID%7D%26gdpr%3D%26gdpr_consent%3D%26us_privacy%3D:0
[    6611ms] [ERROR] Failed to load resource: the server responded with a status of 404 () @ https://cs.admanmedia.com/94fd017f496d404a25fc5546f959bf2f.gif?gdpr=&gdpr_consent=&us_privacy=&redir=https%3A%2F%2Fsync.kueezrtb.com%2Fapi%2Fcookie%3FpartnerId%3Dkueez-acuity%26gdpr%3D%26gdpr_consent%3D%26us_privacy%3D%26userId%3D%5BUID%5D:0
[    5557ms] [ERROR] Failed to load resource: net::ERR_NAME_NOT_RESOLVED @ https://cs.iqzone.com/6f0476ca45e1d6b67e3ee8d57532a022.gif?redir=https%3A%2F%2Fsync.cootlogix.com%2Fapi%2Fcookie%3FpartnerId%3Diqzone%26gdpr%3D0%26gdpr_consent%3D%26us_privacy%3D1---%26userId%3D%5BUID%5D&gdpr=0&gdpr_consent=&ccpa=1---:0
[    5578ms] [ERROR] Failed to load resource: the server responded with a status of 404 (Not Found) @ https://us4.shb-sync.com/a760a5a7-e35e-49b8-9f5e-723455346741.gif?puid=8d54832e-d300-dcfe-0336-d72cb3178076&gdpr=0&gdpr_consent=0ccpa=1---:0
[    5956ms] [ERROR] Failed to load resource: net::ERR_NAME_NOT_RESOLVED @ https://cs.iqzone.com/6f0476ca45e1d6b67e3ee8d57532a022.gif?redir=https%3A%2F%2Fsync.cootlogix.com%2Fapi%2Fcookie%3FpartnerId%3Diqzone%26gdpr%3D%26gdpr_consent%3D%26us_privacy%3D%26userId%3D%5BUID%5D&gdpr=&gdpr_consent=&ccpa=:0
[    5978ms] [ERROR] Failed to load resource: the server responded with a status of 404 (Not Found) @ https://us4.shb-sync.com/a760a5a7-e35e-49b8-9f5e-723455346741.gif?puid=8d54832e-d300-dcfe-0336-d72cb3178076&gdpr=&gdpr_consent=ccpa=:0
[    6008ms] [ERROR] Failed to load resource: net::ERR_NAME_NOT_RESOLVED @ https://visitor-taipeidigitalvideo.omnitagjs.com/visitor/bsync?uid=109981e35ee6e5a3cd5ef6913b074ed9&name=gen01&url=https%3A%2F%2Fsync.adtech.ink%2Fpsync%3Ft%3Dd%26e%3D113%26u%3DPARTNER_USER_ID%26clp%3DaHR0cHM6Ly9zeW5jLmNvb3Rsb2dpeC5jb20vYXBpL2Nvb2tpZT9wYXJ0bmVySWQ9YWRpc29udHYmdXNlcklkPSVVU0VSX0lEJSZnZHByPSZnZHByX2NvbnNlbnQ9JnVzX3ByaXZhY3k9:0
[    6351ms] [ERROR] Failed to load resource: net::ERR_NAME_NOT_RESOLVED @ https://cs.iqzone.com/6f0476ca45e1d6b67e3ee8d57532a022.gif?redir=https%3A%2F%2Fsync.cootlogix.com%2Fapi%2Fcookie%3FpartnerId%3Diqzone%26gdpr%3D%26gdpr_consent%3D%26us_privacy%3D%26userId%3D%5BUID%5D&gdpr=&gdpr_consent=&ccpa=:0
[    6370ms] [ERROR] Failed to load resource: the server responded with a status of 404 (Not Found) @ https://us4.shb-sync.com/a760a5a7-e35e-49b8-9f5e-723455346741.gif?puid=8d54832e-d300-dcfe-0336-d72cb3178076&gdpr=&gdpr_consent=ccpa=:0
[    6396ms] [ERROR] Failed to load resource: net::ERR_NAME_NOT_RESOLVED @ https://visitor-safari.omnitagjs.com/visitor/bsync?uid=d18a3e2f66cd92d3dd8b543f28c4a5cb&name=beop&url=https%3A%2F%2Fsync.adtech.ink%2Fpsync%3Ft%3Dd%26e%3D204%26u%3DPARTNER_USER_ID%26clp%3DaHR0cHM6Ly9zeW5jLmNvb3Rsb2dpeC5jb20vYXBpL2Nvb2tpZT9wYXJ0bmVySWQ9YWRpc29udHYmdXNlcklkPSVVU0VSX0lEJSZnZHByPSZnZHByX2NvbnNlbnQ9JnVzX3ByaXZhY3k9:0
[    6533ms] [ERROR] Failed to load resource: net::ERR_NAME_NOT_RESOLVED @ https://cs.iqzone.com/6f0476ca45e1d6b67e3ee8d57532a022.gif?redir=https%3A%2F%2Fsync.cootlogix.com%2Fapi%2Fcookie%3FpartnerId%3Diqzone%26gdpr%3D%26gdpr_consent%3D%26us_privacy%3D%26userId%3D%5BUID%5D&gdpr=&gdpr_consent=&ccpa=:0
[    6550ms] [ERROR] Failed to load resource: the server responded with a status of 404 (Not Found) @ https://us4.shb-sync.com/a760a5a7-e35e-49b8-9f5e-723455346741.gif?puid=8d54832e-d300-dcfe-0336-d72cb3178076&gdpr=&gdpr_consent=ccpa=:0
[    6573ms] [ERROR] Failed to load resource: net::ERR_NAME_NOT_RESOLVED @ https://visitor-rtbmix.omnitagjs.com/visitor/bsync?uid=681194867b1fea57a9aee256eb5ea0a7&name=gen01&url=https%3A%2F%2Fsync.adtech.ink%2Fpsync%3Ft%3Dd%26e%3D103%26u%3DPARTNER_USER_ID%26clp%3DaHR0cHM6Ly9zeW5jLmNvb3Rsb2dpeC5jb20vYXBpL2Nvb2tpZT9wYXJ0bmVySWQ9YWRpc29udHYmdXNlcklkPSVVU0VSX0lEJSZnZHByPSZnZHByX2NvbnNlbnQ9JnVzX3ByaXZhY3k9:0
[    5557ms] [ERROR] Failed to load resource: net::ERR_NAME_NOT_RESOLVED @ https://cs.iqzone.com/6f0476ca45e1d6b67e3ee8d57532a022.gif?redir=https%3A%2F%2Fsync.cootlogix.com%2Fapi%2Fcookie%3FpartnerId%3Diqzone%26gdpr%3D0%26gdpr_consent%3D%26us_privacy%3D1---%26userId%3D%5BUID%5D&gdpr=0&gdpr_consent=&ccpa=1---:0
[    5578ms] [ERROR] Failed to load resource: the server responded with a status of 404 (Not Found) @ https://us4.shb-sync.com/a760a5a7-e35e-49b8-9f5e-723455346741.gif?puid=8d54832e-d300-dcfe-0336-d72cb3178076&gdpr=0&gdpr_consent=0ccpa=1---:0
[    5956ms] [ERROR] Failed to load resource: net::ERR_NAME_NOT_RESOLVED @ https://cs.iqzone.com/6f0476ca45e1d6b67e3ee8d57532a022.gif?redir=https%3A%2F%2Fsync.cootlogix.com%2Fapi%2Fcookie%3FpartnerId%3Diqzone%26gdpr%3D%26gdpr_consent%3D%26us_privacy%3D%26userId%3D%5BUID%5D&gdpr=&gdpr_consent=&ccpa=:0
[    5978ms] [ERROR] Failed to load resource: the server responded with a status of 404 (Not Found) @ https://us4.shb-sync.com/a760a5a7-e35e-49b8-9f5e-723455346741.gif?puid=8d54832e-d300-dcfe-0336-d72cb3178076&gdpr=&gdpr_consent=ccpa=:0
[    6008ms] [ERROR] Failed to load resource: net::ERR_NAME_NOT_RESOLVED @ https://visitor-taipeidigitalvideo.omnitagjs.com/visitor/bsync?uid=109981e35ee6e5a3cd5ef6913b074ed9&name=gen01&url=https%3A%2F%2Fsync.adtech.ink%2Fpsync%3Ft%3Dd%26e%3D113%26u%3DPARTNER_USER_ID%26clp%3DaHR0cHM6Ly9zeW5jLmNvb3Rsb2dpeC5jb20vYXBpL2Nvb2tpZT9wYXJ0bmVySWQ9YWRpc29udHYmdXNlcklkPSVVU0VSX0lEJSZnZHByPSZnZHByX2NvbnNlbnQ9JnVzX3ByaXZhY3k9:0
[    6351ms] [ERROR] Failed to load resource: net::ERR_NAME_NOT_RESOLVED @ https://cs.iqzone.com/6f0476ca45e1d6b67e3ee8d57532a022.gif?redir=https%3A%2F%2Fsync.cootlogix.com%2Fapi%2Fcookie%3FpartnerId%3Diqzone%26gdpr%3D%26gdpr_consent%3D%26us_privacy%3D%26userId%3D%5BUID%5D&gdpr=&gdpr_consent=&ccpa=:0
[    6370ms] [ERROR] Failed to load resource: the server responded with a status of 404 (Not Found) @ https://us4.shb-sync.com/a760a5a7-e35e-49b8-9f5e-723455346741.gif?puid=8d54832e-d300-dcfe-0336-d72cb3178076&gdpr=&gdpr_consent=ccpa=:0
[    6396ms] [ERROR] Failed to load resource: net::ERR_NAME_NOT_RESOLVED @ https://visitor-safari.omnitagjs.com/visitor/bsync?uid=d18a3e2f66cd92d3dd8b543f28c4a5cb&name=beop&url=https%3A%2F%2Fsync.adtech.ink%2Fpsync%3Ft%3Dd%26e%3D204%26u%3DPARTNER_USER_ID%26clp%3DaHR0cHM6Ly9zeW5jLmNvb3Rsb2dpeC5jb20vYXBpL2Nvb2tpZT9wYXJ0bmVySWQ9YWRpc29udHYmdXNlcklkPSVVU0VSX0lEJSZnZHByPSZnZHByX2NvbnNlbnQ9JnVzX3ByaXZhY3k9:0
[    6533ms] [ERROR] Failed to load resource: net::ERR_NAME_NOT_RESOLVED @ https://cs.iqzone.com/6f0476ca45e1d6b67e3ee8d57532a022.gif?redir=https%3A%2F%2Fsync.cootlogix.com%2Fapi%2Fcookie%3FpartnerId%3Diqzone%26gdpr%3D%26gdpr_consent%3D%26us_privacy%3D%26userId%3D%5BUID%5D&gdpr=&gdpr_consent=&ccpa=:0
[    6550ms] [ERROR] Failed to load resource: the server responded with a status of 404 (Not Found) @ https://us4.shb-sync.com/a760a5a7-e35e-49b8-9f5e-723455346741.gif?puid=8d54832e-d300-dcfe-0336-d72cb3178076&gdpr=&gdpr_consent=ccpa=:0
[    6573ms] [ERROR] Failed to load resource: net::ERR_NAME_NOT_RESOLVED @ https://visitor-rtbmix.omnitagjs.com/visitor/bsync?uid=681194867b1fea57a9aee256eb5ea0a7&name=gen01&url=https%3A%2F%2Fsync.adtech.ink%2Fpsync%3Ft%3Dd%26e%3D103%26u%3DPARTNER_USER_ID%26clp%3DaHR0cHM6Ly9zeW5jLmNvb3Rsb2dpeC5jb20vYXBpL2Nvb2tpZT9wYXJ0bmVySWQ9YWRpc29udHYmdXNlcklkPSVVU0VSX0lEJSZnZHByPSZnZHByX2NvbnNlbnQ9JnVzX3ByaXZhY3k9:0
[    5810ms] [ERROR] Failed to load resource: the server responded with a status of 424 (Failed Dependency) @ https://t.adx.opera.com/pub/sync?pubid=pub10101531197440&gdpr=1&gdpr_consent=:0
[    5810ms] [ERROR] Failed to load resource: the server responded with a status of 424 (Failed Dependency) @ https://t.adx.opera.com/pub/sync?pubid=pub10101531197440&gdpr=1&gdpr_consent=:0
[    8510ms] [LOG] ctaOver @ https://cdn.flashtalking.com/235315/7271461_MOB_Samsung_NPI_Device_H6_Looking_DV360_TD_WM_728x90/js/main.js?v=1776184473598:8
[    9009ms] [LOG] initCta @ https://cdn.flashtalking.com/235315/7271461_MOB_Samsung_NPI_Device_H6_Looking_DV360_TD_WM_728x90/js/main.js?v=1776184473598:8
[   34333ms] [ERROR] Attestation check for Shared Storage on https://www.googleadservices.com failed. @ https://www.googleadservices.com/pagead/managed/js/activeview/current/reach_worklet.html:0
[   34433ms] [LOG] page loaded @ https://cdn.flashtalking.com/235315/7271461_MOB_Samsung_NPI_Device_H6_Looking_DV360_TD_WM_728x90/js/main.js?v=1776184473598:8
[   34434ms] [LOG] Fonts loaded @ https://cdn.flashtalking.com/235315/7271461_MOB_Samsung_NPI_Device_H6_Looking_DV360_TD_WM_728x90/js/main.js?v=1776184473598:8
[   34448ms] [LOG] All Images loaded @ https://cdn.flashtalking.com/235315/7271461_MOB_Samsung_NPI_Device_H6_Looking_DV360_TD_WM_728x90/js/main.js?v=1776184473598:8
[   34448ms] [LOG] Action! @ https://cdn.flashtalking.com/235315/7271461_MOB_Samsung_NPI_Device_H6_Looking_DV360_TD_WM_728x90/js/main.js?v=1776184473598:8
[   34449ms] [LOG] Animation Runtime is 5.415 @ https://cdn.flashtalking.com/235315/7271461_MOB_Samsung_NPI_Device_H6_Looking_DV360_TD_WM_728x90/js/main.js?v=1776184473598:8
[   34565ms] [TIMEEND] a: 0.0009765625 ms @ https://static.adsafeprotected.com/sca.17.6.4.js:31
[   35690ms] [LOG] Failed to read a named property 'document' from 'Window': Blocked a frame with origin "https://abb15344b7df0c4e17d279a6141750ec.safeframe.googlesyndication.com" from accessing a cross-origin frame. @ https://choices.trustarc.com/get?name=pmw2.js:0
[   35943ms] [LOG] Failed to read a named property 'document' from 'Window': Blocked a frame with origin "https://abb15344b7df0c4e17d279a6141750ec.safeframe.googlesyndication.com" from accessing a cross-origin frame. @ https://choices.trustarc.com/get?name=pmw2.js:0
[   39355ms] [LOG] ctaOver @ https://cdn.flashtalking.com/235315/7271461_MOB_Samsung_NPI_Device_H6_Looking_DV360_TD_WM_728x90/js/main.js?v=1776184473598:8
[   39847ms] [LOG] initCta @ https://cdn.flashtalking.com/235315/7271461_MOB_Samsung_NPI_Device_H6_Looking_DV360_TD_WM_728x90/js/main.js?v=1776184473598:8
[    5810ms] [ERROR] Failed to load resource: the server responded with a status of 424 (Failed Dependency) @ https://t.adx.opera.com/pub/sync?pubid=pub10101531197440&gdpr=1&gdpr_consent=:0
[   65787ms] [ERROR] Failed to load resource: net::ERR_NAME_NOT_RESOLVED @ https://sync.search.spotxchange.com/partner?adv_id=7025&gdpr=0&gpp_sid=-1&redir=https%3A%2F%2Fcm.g.doubleclick.net%2Fpixel%3Fgoogle_nid%3Dspotxchange_dbm%26google_hm%3D%24SPOTX_BASE64_USER_ID:0
[   65826ms] [ERROR] Failed to load resource: net::ERR_NAME_NOT_RESOLVED @ https://sync.search.spotxchange.com/partner?adv_id=7025&gdpr=0&gpp_sid=-1&uid=CAESECR6qyHYwhJBJ3GaYntK4sE&google_cver=1:0
[   65911ms] [ERROR] Attestation check for Shared Storage on https://www.googleadservices.com failed. @ https://www.googleadservices.com/pagead/managed/js/activeview/current/reach_worklet.html:0
[   66142ms] [TIMEEND] a: 0.0009765625 ms @ https://static.adsafeprotected.com/sca.17.6.4.js:31
[   67266ms] [LOG] Failed to read a named property 'document' from 'Window': Blocked a frame with origin "https://abb15344b7df0c4e17d279a6141750ec.safeframe.googlesyndication.com" from accessing a cross-origin frame. @ https://choices.trustarc.com/get?name=pmw2.js:0
[   67507ms] [LOG] Failed to read a named property 'document' from 'Window': Blocked a frame with origin "https://abb15344b7df0c4e17d279a6141750ec.safeframe.googlesyndication.com" from accessing a cross-origin frame. @ https://choices.trustarc.com/get?name=pmw2.js:0
[  140482ms] [ERROR] Failed to load resource: net::ERR_CONNECTION_TIMED_OUT @ https://dmp.adblade.com/srv/sync/gateway/?cId=Medianet;__src=adblade:0
[   65787ms] [ERROR] Failed to load resource: net::ERR_NAME_NOT_RESOLVED @ https://sync.search.spotxchange.com/partner?adv_id=7025&gdpr=0&gpp_sid=-1&redir=https%3A%2F%2Fcm.g.doubleclick.net%2Fpixel%3Fgoogle_nid%3Dspotxchange_dbm%26google_hm%3D%24SPOTX_BASE64_USER_ID:0
[   65826ms] [ERROR] Failed to load resource: net::ERR_NAME_NOT_RESOLVED @ https://sync.search.spotxchange.com/partner?adv_id=7025&gdpr=0&gpp_sid=-1&uid=CAESECR6qyHYwhJBJ3GaYntK4sE&google_cver=1:0
[  168382ms] [ERROR] Attestation check for Shared Storage on https://www.googleadservices.com failed. @ https://www.googleadservices.com/pagead/managed/js/activeview/current/reach_worklet.html:0
[  168617ms] [TIMEEND] a: 0.0009765625 ms @ https://static.adsafeprotected.com/sca.17.6.4.js:31
[  169795ms] [LOG] Failed to read a named property 'document' from 'Window': Blocked a frame with origin "https://abb15344b7df0c4e17d279a6141750ec.safeframe.googlesyndication.com" from accessing a cross-origin frame. @ https://choices.trustarc.com/get?name=pmw2.js:0
[  170050ms] [LOG] Failed to read a named property 'document' from 'Window': Blocked a frame with origin "https://abb15344b7df0c4e17d279a6141750ec.safeframe.googlesyndication.com" from accessing a cross-origin frame. @ https://choices.trustarc.com/get?name=pmw2.js:0
[  170543ms] [ERROR] Failed to load resource: net::ERR_CONNECTION_TIMED_OUT @ https://pixel.advertising.com/ups/58222/sync?_origin=1&uid=4264708525644996000V10:0
[  174751ms] [INFO] Powered by AMP ⚡ HTML – Version 2605071401000 https://www.drugs.com/sfx/dayvigo-side-effects.html @ https://cdn.ampproject.org/rtv/012605071401000/amp4ads-v0.mjs:1
